make all --print-data-base --no-builtin-variables --no-builtin-rules --question
# GNU Make 3.81
# Copyright (C) 2006  Free Software Foundation, Inc.
# This is free software; see the source for copying conditions.
# There is NO warranty; not even for MERCHANTABILITY or FITNESS FOR A
# PARTICULAR PURPOSE.

# This program built for i386-apple-darwin11.3.0
 

# Make data base, printed on Thu May 26 15:08:18 2022

# Variables

# automatic
<D = $(patsubst %/,%,$(dir $<))
# automatic
?F = $(notdir $?)
# environment
VSCODE_LOG_NATIVE = false
# automatic
?D = $(patsubst %/,%,$(dir $?))
# makefile (from `Makefile', line 5)
CPPFLAGS = -O3 -DNDEBUG -Wall -g -std=c++11
# makefile (from `Makefile', line 32)
INCLUDES = $(addprefix -I, ${TMP_INCS})
# automatic
@D = $(patsubst %/,%,$(dir $@))
 
# automatic
@F = $(notdir $@)
# makefile
CURDIR := /Users/yoctoyotta1024/Documents/spring2022/clara-bayley-superdroplets
# makefile
SHELL = /bin/sh
# environment
VSCODE_NLS_CONFIG = {"locale":"en-gb","availableLanguages":{},"_languagePackSupport":true}
# environment
_ = /usr/bin/make
# makefile (from `Makefile', line 4)
CFLAGS = -O3 -DNDEBUG -Wall -g 
# makefile (from `Makefile', line 1)
MAKEFILE_LIST :=  Makefile
# environment
VSCODE_VERBOSE_LOGGING = true
# environment
__CFBundleIdentifier = com.microsoft.VSCode
# environment
INFOPATH = /opt/homebrew/share/info:
# environment
VSCODE_IPC_HOOK_EXTHOST = /var/folders/g4/p1fz4j0s4mq8r261ltv6__vc0000gn/T/vscode-ipc-bd70a533-2051-4009-9d6b-dfb11ae27cbf.sock
# makefile (from `Makefile', line 3)
CPP = g++
# environment
VSCODE_CWD = /
# environment
PATH = /Users/yoctoyotta1024/opt/anaconda3/bin:/Users/yoctoyotta1024/opt/anaconda3/condabin:/opt/homebrew/bin:/opt/homebrew/sbin:/usr/local/bin:/usr/bin:/bin:/usr/sbin:/sbin
# makefile (from `Makefile', line 10)
includedir = /usr/local/sundials-6/include
# environment
VSCODE_LOG_STACK = false
# environment
ELECTRON_RUN_AS_NODE = 1
# makefile (from `Makefile', line 7)
LDFLAGS = 
# default
.FEATURES := target-specific order-only second-expansion else-if archives jobserver check-symlink
# makefile (from `Makefile', line 15)
CPPSOURCES_DEPENDENCIES = 
# environment
SSH_AUTH_SOCK = /private/tmp/com.apple.launchd.HYhQBLro6S/Listeners
# automatic
%F = $(notdir $%)
# environment
CONDA_EXE = /Users/yoctoyotta1024/opt/anaconda3/bin/conda
# makefile (from `Makefile', line 17)
OBJECTS_DEPENDENCIES = ${CPPSOURCES_DEPENDENCIES:=.o}
# environment
VSCODE_PIPE_LOGGING = true
# environment
PWD = /Users/yoctoyotta1024/Documents/spring2022/clara-bayley-superdroplets
# environment
HOMEBREW_CELLAR = /opt/homebrew/Cellar
# environment
ORIGINAL_XDG_CURRENT_DESKTOP = undefined
# makefile (from `Makefile', line 11)
libdir = /usr/local/sundials-6/lib
# environment
MANPATH = /opt/homebrew/share/man::
# environment
VSCODE_AMD_ENTRYPOINT = vs/workbench/api/node/extensionHostProcess
# environment
HOME = /Users/yoctoyotta1024
# default
MAKEFILEPATH = $(shell /usr/bin/xcode-select -print-path 2>/dev/null || echo /Developer)/Makefiles
# environment
VSCODE_CODE_CACHE_PATH = /Users/yoctoyotta1024/Library/Application Support/Code/CachedData/c3511e6c69bb39013c4a4b7b9566ec1ca73fc4d5
# environment
LOGNAME = yoctoyotta1024
# environment
APPLICATION_INSIGHTS_NO_DIAGNOSTIC_CHANNEL = 1
# environment
CONDA_PROMPT_MODIFIER = (base) 
# environment
VSCODE_HANDLES_UNCAUGHT_ERRORS = true
# automatic
^D = $(patsubst %/,%,$(dir $^))
# environment
CONDA_DEFAULT_ENV = base
# environment
XPC_FLAGS = 0x0
# default
MAKE = $(MAKE_COMMAND)
# default
MAKECMDGOALS := all
# environment
SHLVL = 1
# makefile (from `Makefile', line 2)
CC = gcc
# makefile (from `Makefile', line 9)
LINKFLAGS = -Wl,-rpath,libdir
# default
MAKE_VERSION := 3.81
# environment
USER = yoctoyotta1024
# makefile
.DEFAULT_GOAL := all
# automatic
%D = $(patsubst %/,%,$(dir $%))
# environment
CONDA_SHLVL = 1
# default
MAKE_COMMAND := /Library/Developer/CommandLineTools/usr/bin/make
# default
.VARIABLES := 
# environment
TMPDIR = /var/folders/g4/p1fz4j0s4mq8r261ltv6__vc0000gn/T/
# automatic
*F = $(notdir $*)
# environment
VSCODE_IPC_HOOK = /Users/yoctoyotta1024/Library/Application Support/Code/1.67.2-main.sock
# makefile
MAKEFLAGS = Rrqp
# environment
MFLAGS = -Rrqp
# automatic
*D = $(patsubst %/,%,$(dir $*))
# environment
XPC_SERVICE_NAME = application.com.microsoft.VSCode.1162185.1162191
# environment
HOMEBREW_PREFIX = /opt/homebrew
# automatic
+D = $(patsubst %/,%,$(dir $+))
# automatic
+F = $(notdir $+)
# environment
HOMEBREW_REPOSITORY = /opt/homebrew
# makefile (from `Makefile', line 31)
TMP_INCS = ${includedir} ${INCLUDES_SLUMT} ${INCLUDES_KLU}
# environment
__CF_USER_TEXT_ENCODING = 0x1F5:0x0:0x2
# environment
COMMAND_MODE = unix2003
# default
MAKEFILES := 
# makefile (from `Makefile', line 21)
DEPDIR = dep
# automatic
<F = $(notdir $<)
# makefile (from `Makefile', line 20)
OBJDIR = obj
# environment
LC_ALL = C
# makefile (from `Makefile', line 33)
LIBRARIES = -lsundials_cvode -lsundials_nvecserial -lsundials_nvecmanyvector ${LIBS}
# environment
CONDA_PYTHON_EXE = /Users/yoctoyotta1024/opt/anaconda3/bin/python
# makefile (from `Makefile', line 8)
LIBS = -lm
# automatic
^F = $(notdir $^)
# makefile (from `Makefile', line 18)
DEPS = ${CPPSOURCES:=.d}
# default
SUFFIXES := 
# environment
_CE_M = 
# makefile (from `Makefile', line 14)
CPPSOURCES = odesolver 
# default
.INCLUDE_DIRS = /usr/local/include
# environment
MAKELEVEL := 0
# makefile (from `Makefile', line 16)
OBJECTS = ${CPPSOURCES:=.o}
# environment
CONDA_PREFIX = /Users/yoctoyotta1024/opt/anaconda3
# environment
VSCODE_PID = 800
# environment
_CE_CONDA = 
# environment
LANG = C
# variable set hash-table stats:
# Load=94/1024=9%, Rehash=0, Collisions=2/141=1%

# Pattern-specific Variable Values

# No pattern-specific variable values.

# Directories

# . (device 16777232, inode 1354385): 17 files, no impossibilities.

# 17 files, no impossibilities in 1 directories.

# Implicit Rules

obj/%.o: %.cpp
#  commands to execute (from `Makefile', line 39):
	@mkdir -p ${OBJDIR}
	${CPP} ${CPPFLAGS} ${CFLAGS} ${INCLUDES}  -o $@ -c $<
	

dep/%.d: %.cpp
#  commands to execute (from `Makefile', line 44):
	@mkdir -p ${DEPDIR}
	${CPP} ${CPPFLAGS} ${CFLAGS} ${INCLUDES} $< -MM -MT $(@:%.d=%.o) >$@
	

# 2 implicit rules, 0 (0.0%) terminal.

# Files

obj/odesolver.o: odesolver.cpp
#  Implicit rule search has been done.
#  Implicit/static pattern stem: `odesolver'
#  File does not exist.
#  File has been updated.
#  Needs to be updated (-q is set).
# automatic
# @ := obj/odesolver.o
# automatic
# % := 
# automatic
# * := odesolver
# automatic
# + := odesolver.cpp
# automatic
# | := 
# automatic
# < := odesolver.cpp
# automatic
# ^ := odesolver.cpp
# automatic
# ? := odesolver.cpp
# variable set hash-table stats:
# Load=8/32=25%, Rehash=0, Collisions=1/21=5%
#  commands to execute (from `Makefile', line 39):
	@mkdir -p ${OBJDIR}
	${CPP} ${CPPFLAGS} ${CFLAGS} ${INCLUDES}  -o $@ -c $<
	

all: targets
#  Command-line target.
#  Implicit rule search has been done.
#  File does not exist.
#  File has been updated.
#  Needs to be updated (-q is set).
# variable set hash-table stats:
# Load=0/32=0%, Rehash=0, Collisions=0/11=0%

.PHONY: clean` cleandep cleanALL
#  Implicit rule search has not been done.
#  Modification time never checked.
#  File has not been updated.

# Not a target:
odesolver.cpp:
#  Implicit rule search has been done.
#  Last modified 2022-05-26 13:28:37
#  File has been updated.
#  Successfully updated.
# variable set hash-table stats:
# Load=0/32=0%, Rehash=0, Collisions=0/0=0%

# Not a target:
.SUFFIXES:
#  Implicit rule search has not been done.
#  Modification time never checked.
#  File has not been updated.

# Not a target:
Makefile:
#  Implicit rule search has been done.
#  Last modified 2022-05-26 15:07:45
#  File has been updated.
#  Successfully updated.
# variable set hash-table stats:
# Load=0/32=0%, Rehash=0, Collisions=0/0=0%

# Not a target:
dep/odesolver.d:
#  Implicit rule search has not been done.
#  Modification time never checked.
#  File has not been updated.

odesolver.o:
#  Implicit rule search has not been done.
#  Modification time never checked.
#  File has not been updated.

# Not a target:
 
.DEFAULT:
#  Implicit rule search has not been done.
#  Modification time never checked.
#  File has not been updated.

cleandep:
#  Phony target (prerequisite of .PHONY).
#  Implicit rule search has not been done.
#  File does not exist.
#  File has not been updated.
#  commands to execute (from `Makefile', line 78):
	rm -f ${DEPDIR}/${DEPS}
	

targets: obj/odesolver.o dep/odesolver.d
#  Implicit rule search has not been done.
#  File does not exist.
#  File has been updated.
#  Needs to be updated (-q is set).
# variable set hash-table stats:
# Load=0/32=0%, Rehash=0, Collisions=0/11=0%
#  commands to execute (from `Makefile', line 53):
	@for i in ${CPPSOURCES} ; do \
	echo "${CPP} -o $${i} ${OBJDIR}/$${i}.o ${OBJECTS_DEPENDENCIES} ${CPPFLAGS} ${CFLAGS} ${LDFLAGS} ${INCLUDES} -L${libdir} ${LIBRARIES} ${LINKFLAGS}" ; \
	${CPP} -o $${i} ${OBJDIR}/$${i}.o ${OBJECTS_DEPENDENCIES} ${CPPFLAGS} ${CFLAGS} ${LDFLAGS} ${INCLUDES} -L${libdir} ${LIBRARIES} ${LINKFLAGS} ; \
	done
	

clean:
#  Implicit rule search has not been done.
#  Modification time never checked.
#  File has not been updated.
#  commands to execute (from `Makefile', line 70):
	rm -f ${OBJECTS_DEPENDENCIES}
	rm -f ${OBJDIR}/${OBJECTS}
	rm -f ${DEPDIR}/${DEPS}
	rm -f ${CPPSOURCES}
	

clean`:
#  Phony target (prerequisite of .PHONY).
#  Implicit rule search has not been done.
#  File does not exist.
#  File has not been updated.

cleanALL:
#  Phony target (prerequisite of .PHONY).
#  Implicit rule search has not been done.
#  File does not exist.
#  File has not been updated.
#  commands to execute (from `Makefile', line 83):
	rm -f ${OBJECTS_DEPENDENCIES}
	rm -rf ${OBJDIR}
	rm -rf ${DEPDIR}
	rm -f ${CPPSOURCES}
	rm -f *.csv
	

# files hash-table stats:
# Load=14/1024=1%, Rehash=0, Collisions=0/38=0%
# VPATH Search Paths

# No `vpath' search paths.

# No general (`VPATH' variable) search path.

# # of strings in strcache: 1
# # of strcache buffers: 1
# strcache size: total = 4096 / max = 4096 / min = 4096 / avg = 4096
# strcache free: total = 4087 / max = 4087 / min = 4087 / avg = 4087

# Finished Make data base on Thu May 26 15:08:18 2022

 
